<?xml version="1.0" encoding="UTF-8"?>
<testsuite name="com.week06.cotudying_project.CotudyingProjectApplicationTests" tests="1" skipped="0" failures="0" errors="0" timestamp="2022-08-18T01:05:45" hostname="DESKTOP-KKOHH2L" time="0.332">
  <properties/>
  <testcase name="contextLoads()" classname="com.week06.cotudying_project.CotudyingProjectApplicationTests" time="0.332"/>
  <system-out><![CDATA[10:05:24.190 [Test worker] DEBUG org.springframework.test.context.BootstrapUtils - Instantiating CacheAwareContextLoaderDelegate from class [org.springframework.test.context.cache.DefaultCacheAwareContextLoaderDelegate]
10:05:24.207 [Test worker] DEBUG org.springframework.test.context.BootstrapUtils - Instantiating BootstrapContext using constructor [public org.springframework.test.context.support.DefaultBootstrapContext(java.lang.Class,org.springframework.test.context.CacheAwareContextLoaderDelegate)]
10:05:24.256 [Test worker] DEBUG org.springframework.test.context.BootstrapUtils - Instantiating TestContextBootstrapper for test class [com.week06.cotudying_project.CotudyingProjectApplicationTests] from class [org.springframework.boot.test.context.SpringBootTestContextBootstrapper]
10:05:24.272 [Test worker] INFO org.springframework.boot.test.context.SpringBootTestContextBootstrapper - Neither @ContextConfiguration nor @ContextHierarchy found for test class [com.week06.cotudying_project.CotudyingProjectApplicationTests], using SpringBootContextLoader
10:05:24.281 [Test worker] DEBUG org.springframework.test.context.support.AbstractContextLoader - Did not detect default resource location for test class [com.week06.cotudying_project.CotudyingProjectApplicationTests]: class path resource [com/week06/cotudying_project/CotudyingProjectApplicationTests-context.xml] does not exist
10:05:24.281 [Test worker] DEBUG org.springframework.test.context.support.AbstractContextLoader - Did not detect default resource location for test class [com.week06.cotudying_project.CotudyingProjectApplicationTests]: class path resource [com/week06/cotudying_project/CotudyingProjectApplicationTestsContext.groovy] does not exist
10:05:24.282 [Test worker] INFO org.springframework.test.context.support.AbstractContextLoader - Could not detect default resource locations for test class [com.week06.cotudying_project.CotudyingProjectApplicationTests]: no resource found for suffixes {-context.xml, Context.groovy}.
10:05:24.282 [Test worker] INFO org.springframework.test.context.support.AnnotationConfigContextLoaderUtils - Could not detect default configuration classes for test class [com.week06.cotudying_project.CotudyingProjectApplicationTests]: CotudyingProjectApplicationTests does not declare any static, non-private, non-final, nested classes annotated with @Configuration.
10:05:24.343 [Test worker] DEBUG org.springframework.test.context.support.ActiveProfilesUtils - Could not find an 'annotation declaring class' for annotation type [org.springframework.test.context.ActiveProfiles] and class [com.week06.cotudying_project.CotudyingProjectApplicationTests]
10:05:24.442 [Test worker] DEBUG org.springframework.context.annotation.ClassPathScanningCandidateComponentProvider - Identified candidate component class: file [C:\spring_study\cotudying_final\build\classes\java\main\com\week06\cotudying_project\CotudyingProjectApplication.class]
10:05:24.444 [Test worker] INFO org.springframework.boot.test.context.SpringBootTestContextBootstrapper - Found @SpringBootConfiguration com.week06.cotudying_project.CotudyingProjectApplication for test class com.week06.cotudying_project.CotudyingProjectApplicationTests
10:05:24.673 [Test worker] DEBUG org.springframework.boot.test.context.SpringBootTestContextBootstrapper - @TestExecutionListeners is not present for class [com.week06.cotudying_project.CotudyingProjectApplicationTests]: using defaults.
10:05:24.674 [Test worker] INFO org.springframework.boot.test.context.SpringBootTestContextBootstrapper - Loaded default TestExecutionListener class names from location [META-INF/spring.factories]: [org.springframework.security.test.context.support.WithSecurityContextTestExecutionListener, org.springframework.security.test.context.support.ReactorContextTestExecutionListener, org.springframework.boot.test.autoconfigure.restdocs.RestDocsTestExecutionListener, org.springframework.boot.test.autoconfigure.web.client.MockRestServiceServerResetTestExecutionListener, org.springframework.boot.test.autoconfigure.web.servlet.MockMvcPrintOnlyOnFailureTestExecutionListener, org.springframework.boot.test.autoconfigure.web.servlet.WebDriverTestExecutionListener, org.springframework.boot.test.autoconfigure.webservices.client.MockWebServiceServerTestExecutionListener, org.springframework.boot.test.mock.mockito.MockitoTestExecutionListener, org.springframework.boot.test.mock.mockito.ResetMocksTestExecutionListener, org.springframework.test.context.web.ServletTestExecutionListener, org.springframework.test.context.support.DirtiesContextBeforeModesTestExecutionListener, org.springframework.test.context.event.ApplicationEventsTestExecutionListener, org.springframework.test.context.support.DependencyInjectionTestExecutionListener, org.springframework.test.context.support.DirtiesContextTestExecutionListener, org.springframework.test.context.transaction.TransactionalTestExecutionListener, org.springframework.test.context.jdbc.SqlScriptsTestExecutionListener, org.springframework.test.context.event.EventPublishingTestExecutionListener]
10:05:24.731 [Test worker] INFO org.springframework.boot.test.context.SpringBootTestContextBootstrapper - Using TestExecutionListeners: [org.springframework.test.context.web.ServletTestExecutionListener@772485dd, org.springframework.test.context.support.DirtiesContextBeforeModesTestExecutionListener@5a12c728, org.springframework.test.context.event.ApplicationEventsTestExecutionListener@79ab3a71, org.springframework.boot.test.mock.mockito.MockitoTestExecutionListener@6e5bfdfc, org.springframework.boot.test.autoconfigure.SpringBootDependencyInjectionTestExecutionListener@3d829787, org.springframework.test.context.support.DirtiesContextTestExecutionListener@71652c98, org.springframework.test.context.transaction.TransactionalTestExecutionListener@51bde877, org.springframework.test.context.jdbc.SqlScriptsTestExecutionListener@60b85ba1, org.springframework.security.test.context.support.WithSecurityContextTestExecutionListener@492fc69e, org.springframework.test.context.event.EventPublishingTestExecutionListener@117632cf, org.springframework.security.test.context.support.ReactorContextTestExecutionListener@2fb68ec6, org.springframework.boot.test.autoconfigure.restdocs.RestDocsTestExecutionListener@d71adc2, org.springframework.boot.test.autoconfigure.web.client.MockRestServiceServerResetTestExecutionListener@3add81c4, org.springframework.boot.test.autoconfigure.web.servlet.MockMvcPrintOnlyOnFailureTestExecutionListener@1a1d3c1a, org.springframework.boot.test.autoconfigure.web.servlet.WebDriverTestExecutionListener@1c65121, org.springframework.boot.test.autoconfigure.webservices.client.MockWebServiceServerTestExecutionListener@159e366, org.springframework.boot.test.mock.mockito.ResetMocksTestExecutionListener@57dc9128]
10:05:24.742 [Test worker] DEBUG org.springframework.test.context.support.AbstractDirtiesContextTestExecutionListener - Before test class: context [DefaultTestContext@530a8454 testClass = CotudyingProjectApplicationTests, testInstance = [null], testMethod = [null], testException = [null], mergedContextConfiguration = [WebMergedContextConfiguration@1e34c607 testClass = CotudyingProjectApplicationTests, locations = '{}', classes = '{class com.week06.cotudying_project.CotudyingProjectApplication}', contextInitializerClasses = '[]', activeProfiles = '{}', propertySourceLocations = '{}', propertySourceProperties = '{org.springframework.boot.test.context.SpringBootTestContextBootstrapper=true}', contextCustomizers = set[org.springframework.boot.test.autoconfigure.actuate.metrics.MetricsExportContextCustomizerFactory$DisableMetricExportContextCustomizer@30d4b288, org.springframework.boot.test.autoconfigure.properties.PropertyMappingContextCustomizer@0, org.springframework.boot.test.autoconfigure.web.servlet.WebDriverContextCustomizerFactory$Customizer@6c6c5427, org.springframework.boot.test.context.filter.ExcludeFilterContextCustomizer@1e63ec0b, org.springframework.boot.test.json.DuplicateJsonObjectContextCustomizerFactory$DuplicateJsonObjectContextCustomizer@3918c187, org.springframework.boot.test.mock.mockito.MockitoContextCustomizer@0, org.springframework.boot.test.web.client.TestRestTemplateContextCustomizer@12dae582, org.springframework.boot.test.context.SpringBootTestArgs@1, org.springframework.boot.test.context.SpringBootTestWebEnvironment@50313382], resourceBasePath = 'src/main/webapp', contextLoader = 'org.springframework.boot.test.context.SpringBootContextLoader', parent = [null]], attributes = map['org.springframework.test.context.web.ServletTestExecutionListener.activateListener' -> true]], class annotated with @DirtiesContext [false] with mode [null].

  .   ____          _            __ _ _
 /\\ / ___'_ __ _ _(_)_ __  __ _ \ \ \ \
( ( )\___ | '_ | '_| | '_ \/ _` | \ \ \ \
 \\/  ___)| |_)| | | | | || (_| |  ) ) ) )
  '  |____| .__|_| |_|_| |_\__, | / / / /
 =========|_|==============|___/=/_/_/_/
 :: Spring Boot ::                (v2.7.2)

2022-08-18 10:05:25.459  INFO 22516 --- [    Test worker] c.w.c.CotudyingProjectApplicationTests   : Starting CotudyingProjectApplicationTests using Java 11 on DESKTOP-KKOHH2L with PID 22516 (started by User in C:\spring_study\cotudying_final)
2022-08-18 10:05:25.463  INFO 22516 --- [    Test worker] c.w.c.CotudyingProjectApplicationTests   : No active profile set, falling back to 1 default profile: "default"
2022-08-18 10:05:27.712  INFO 22516 --- [    Test worker] .s.d.r.c.RepositoryConfigurationDelegate : Bootstrapping Spring Data JPA repositories in DEFAULT mode.
2022-08-18 10:05:27.857  INFO 22516 --- [    Test worker] .s.d.r.c.RepositoryConfigurationDelegate : Finished Spring Data repository scanning in 129 ms. Found 5 JPA repository interfaces.
2022-08-18 10:05:29.208  INFO 22516 --- [    Test worker] o.hibernate.jpa.internal.util.LogHelper  : HHH000204: Processing PersistenceUnitInfo [name: default]
2022-08-18 10:05:29.326  INFO 22516 --- [    Test worker] org.hibernate.Version                    : HHH000412: Hibernate ORM core version 5.6.10.Final
2022-08-18 10:05:29.722  INFO 22516 --- [    Test worker] o.hibernate.annotations.common.Version   : HCANN000001: Hibernate Commons Annotations {5.1.2.Final}
2022-08-18 10:05:30.022  INFO 22516 --- [    Test worker] com.zaxxer.hikari.HikariDataSource       : HikariPool-1 - Starting...
2022-08-18 10:05:30.951  INFO 22516 --- [    Test worker] com.zaxxer.hikari.HikariDataSource       : HikariPool-1 - Start completed.
2022-08-18 10:05:31.007  INFO 22516 --- [    Test worker] org.hibernate.dialect.Dialect            : HHH000400: Using dialect: org.hibernate.dialect.MySQL5InnoDBDialect
2022-08-18 10:05:34.811  INFO 22516 --- [    Test worker] o.h.e.t.j.p.i.JtaPlatformInitiator       : HHH000490: Using JtaPlatform implementation: [org.hibernate.engine.transaction.jta.platform.internal.NoJtaPlatform]
2022-08-18 10:05:34.834  INFO 22516 --- [    Test worker] j.LocalContainerEntityManagerFactoryBean : Initialized JPA EntityManagerFactory for persistence unit 'default'
2022-08-18 10:05:35.104  WARN 22516 --- [    Test worker] JpaBaseConfiguration$JpaWebConfiguration : spring.jpa.open-in-view is enabled by default. Therefore, database queries may be performed during view rendering. Explicitly configure spring.jpa.open-in-view to disable this warning
2022-08-18 10:05:41.215  WARN 22516 --- [    Test worker] o.s.s.c.a.web.builders.WebSecurity       : You are asking Spring Security to ignore Ant [pattern='/v2/api-docs']. This is not recommended -- please use permitAll via HttpSecurity#authorizeHttpRequests instead.
2022-08-18 10:05:41.219  INFO 22516 --- [    Test worker] o.s.s.web.DefaultSecurityFilterChain     : Will not secure Ant [pattern='/v2/api-docs']
2022-08-18 10:05:41.220  WARN 22516 --- [    Test worker] o.s.s.c.a.web.builders.WebSecurity       : You are asking Spring Security to ignore Ant [pattern='/swagger-resources/**']. This is not recommended -- please use permitAll via HttpSecurity#authorizeHttpRequests instead.
2022-08-18 10:05:41.220  INFO 22516 --- [    Test worker] o.s.s.web.DefaultSecurityFilterChain     : Will not secure Ant [pattern='/swagger-resources/**']
2022-08-18 10:05:41.220  WARN 22516 --- [    Test worker] o.s.s.c.a.web.builders.WebSecurity       : You are asking Spring Security to ignore Ant [pattern='/swagger-ui.html']. This is not recommended -- please use permitAll via HttpSecurity#authorizeHttpRequests instead.
2022-08-18 10:05:41.221  INFO 22516 --- [    Test worker] o.s.s.web.DefaultSecurityFilterChain     : Will not secure Ant [pattern='/swagger-ui.html']
2022-08-18 10:05:41.221  WARN 22516 --- [    Test worker] o.s.s.c.a.web.builders.WebSecurity       : You are asking Spring Security to ignore Ant [pattern='/webjars/**']. This is not recommended -- please use permitAll via HttpSecurity#authorizeHttpRequests instead.
2022-08-18 10:05:41.221  INFO 22516 --- [    Test worker] o.s.s.web.DefaultSecurityFilterChain     : Will not secure Ant [pattern='/webjars/**']
2022-08-18 10:05:41.221  WARN 22516 --- [    Test worker] o.s.s.c.a.web.builders.WebSecurity       : You are asking Spring Security to ignore Ant [pattern='/swagger/**']. This is not recommended -- please use permitAll via HttpSecurity#authorizeHttpRequests instead.
2022-08-18 10:05:41.226  INFO 22516 --- [    Test worker] o.s.s.web.DefaultSecurityFilterChain     : Will not secure Ant [pattern='/swagger/**']
2022-08-18 10:05:41.789  INFO 22516 --- [    Test worker] o.s.s.web.DefaultSecurityFilterChain     : Will secure any request with [org.springframework.security.web.session.DisableEncodeUrlFilter@4cce889e, org.springframework.security.web.context.request.async.WebAsyncManagerIntegrationFilter@28d2afd8, org.springframework.security.web.context.SecurityContextPersistenceFilter@4b59a1c1, org.springframework.security.web.header.HeaderWriterFilter@18ada4e1, org.springframework.web.filter.CorsFilter@77a35b2f, org.springframework.security.web.authentication.logout.LogoutFilter@51179fad, com.week06.cotudying_project.config.jwt.JwtFilter@755057c7, org.springframework.security.web.savedrequest.RequestCacheAwareFilter@52b2713a, org.springframework.security.web.servletapi.SecurityContextHolderAwareRequestFilter@1a557a52, org.springframework.security.web.authentication.AnonymousAuthenticationFilter@4d62bb8b, org.springframework.security.web.session.SessionManagementFilter@18206382, org.springframework.security.web.access.ExceptionTranslationFilter@5d729af6, org.springframework.security.web.access.intercept.FilterSecurityInterceptor@2297c8bf]
2022-08-18 10:05:45.117  INFO 22516 --- [    Test worker] c.w.c.CotudyingProjectApplicationTests   : Started CotudyingProjectApplicationTests in 20.305 seconds (JVM running for 22.406)
]]></system-out>
  <system-err><![CDATA[]]></system-err>
</testsuite>
